Using pre-set license
Built from '2022.3/staging' branch; Version is '2022.3.1f1 (f18e0c1b5784) revision 15830540'; Using compiler version '192829333'; Build Type 'Release'
OS: 'Windows 10  (10.0.19045) 64bit Professional' Language: 'ko' Physical Memory: 16315 MB
BatchMode: 1, IsHumanControllingUs: 0, StartBugReporterOnCrash: 0, Is64bit: 1, IsPro: 1

COMMAND LINE ARGUMENTS:
C:\Program Files\Unity\Hub\Editor\2022.3.1f1\Editor\Unity.exe
-adb2
-batchMode
-noUpm
-name
AssetImportWorker2
-projectPath
C:/Unity Projects/unitystudy_vamsurLike/vamsurLike
-logFile
Logs/AssetImportWorker2.log
-srvPort
6650
Successfully changed project path to: C:/Unity Projects/unitystudy_vamsurLike/vamsurLike
C:/Unity Projects/unitystudy_vamsurLike/vamsurLike
[UnityMemory] Configuration Parameters - Can be set up in boot.config
    "memorysetup-bucket-allocator-granularity=16"
    "memorysetup-bucket-allocator-bucket-count=8"
    "memorysetup-bucket-allocator-block-size=33554432"
    "memorysetup-bucket-allocator-block-count=8"
    "memorysetup-main-allocator-block-size=16777216"
    "memorysetup-thread-allocator-block-size=16777216"
    "memorysetup-gfx-main-allocator-block-size=16777216"
    "memorysetup-gfx-thread-allocator-block-size=16777216"
    "memorysetup-cache-allocator-block-size=4194304"
    "memorysetup-typetree-allocator-block-size=2097152"
    "memorysetup-profiler-bucket-allocator-granularity=16"
    "memorysetup-profiler-bucket-allocator-bucket-count=8"
    "memorysetup-profiler-bucket-allocator-block-size=33554432"
    "memorysetup-profiler-bucket-allocator-block-count=8"
    "memorysetup-profiler-allocator-block-size=16777216"
    "memorysetup-profiler-editor-allocator-block-size=1048576"
    "memorysetup-temp-allocator-size-main=16777216"
    "memorysetup-job-temp-allocator-block-size=2097152"
    "memorysetup-job-temp-allocator-block-size-background=1048576"
    "memorysetup-job-temp-allocator-reduction-small-platforms=262144"
    "memorysetup-allocator-temp-initial-block-size-main=262144"
    "memorysetup-allocator-temp-initial-block-size-worker=262144"
    "memorysetup-temp-allocator-size-background-worker=32768"
    "memorysetup-temp-allocator-size-job-worker=262144"
    "memorysetup-temp-allocator-size-preload-manager=33554432"
    "memorysetup-temp-allocator-size-nav-mesh-worker=65536"
    "memorysetup-temp-allocator-size-audio-worker=65536"
    "memorysetup-temp-allocator-size-cloud-worker=32768"
    "memorysetup-temp-allocator-size-gi-baking-worker=262144"
    "memorysetup-temp-allocator-size-gfx=262144"
Player connection [29028] Host "[IP] 192.168.0.21 [Port] 0 [Flags] 2 [Guid] 3547750320 [EditorId] 3547750320 [Version] 1048832 [Id] WindowsEditor(7,DESKTOP-79Q2ED7) [Debug] 1 [PackageName] WindowsEditor [ProjectName] Editor" joined multi-casting on [225.0.0.222:54997]...

Player connection [29028] Host "[IP] 192.168.0.21 [Port] 0 [Flags] 2 [Guid] 3547750320 [EditorId] 3547750320 [Version] 1048832 [Id] WindowsEditor(7,DESKTOP-79Q2ED7) [Debug] 1 [PackageName] WindowsEditor [ProjectName] Editor" joined alternative multi-casting on [225.0.0.222:34997]...

Refreshing native plugins compatible for Editor in 14.70 ms, found 3 plugins.
Preloading 0 native plugins for Editor in 0.00 ms.
Initialize engine version: 2022.3.1f1 (f18e0c1b5784)
[Subsystems] Discovering subsystems at path C:/Program Files/Unity/Hub/Editor/2022.3.1f1/Editor/Data/Resources/UnitySubsystems
[Subsystems] Discovering subsystems at path C:/Unity Projects/unitystudy_vamsurLike/vamsurLike/Assets
GfxDevice: creating device client; threaded=0; jobified=0
Direct3D:
    Version:  Direct3D 11.0 [level 11.1]
    Renderer: NVIDIA GeForce RTX 2060 SUPER (ID=0x1f06)
    Vendor:   NVIDIA
    VRAM:     8019 MB
    Driver:   31.0.15.3179
Initialize mono
Mono path[0] = 'C:/Program Files/Unity/Hub/Editor/2022.3.1f1/Editor/Data/Managed'
Mono path[1] = 'C:/Program Files/Unity/Hub/Editor/2022.3.1f1/Editor/Data/MonoBleedingEdge/lib/mono/unityjit-win32'
Mono config path = 'C:/Program Files/Unity/Hub/Editor/2022.3.1f1/Editor/Data/MonoBleedingEdge/etc'
Using monoOptions --debugger-agent=transport=dt_socket,embedding=1,server=y,suspend=n,address=127.0.0.1:56240
Begin MonoManager ReloadAssembly
Registering precompiled unity dll's ...
Register platform support module: C:/Program Files/Unity/Hub/Editor/2022.3.1f1/Editor/Data/PlaybackEngines/WindowsStandaloneSupport/UnityEditor.WindowsStandalone.Extensions.dll
Registered in 0.010467 seconds.
- Loaded All Assemblies, in  0.345 seconds
Native extension for WindowsStandalone target not found
Mono: successfully reloaded assembly
- Finished resetting the current domain, in  0.283 seconds
Domain Reload Profiling: 625ms
	BeginReloadAssembly (85ms)
		ExecutionOrderSort (0ms)
		DisableScriptedObjects (0ms)
		BackupInstance (0ms)
		ReleaseScriptingObjects (0ms)
		CreateAndSetChildDomain (1ms)
	RebuildCommonClasses (32ms)
	RebuildNativeTypeToScriptingClass (10ms)
	initialDomainReloadingComplete (60ms)
	LoadAllAssembliesAndSetupDomain (153ms)
		LoadAssemblies (82ms)
		RebuildTransferFunctionScriptingTraits (0ms)
		AnalyzeDomain (143ms)
			TypeCache.Refresh (142ms)
				TypeCache.ScanAssembly (129ms)
			ScanForSourceGeneratedMonoScriptInfo (0ms)
			ResolveRequiredComponents (1ms)
	FinalizeReload (284ms)
		ReleaseScriptCaches (0ms)
		RebuildScriptCaches (0ms)
		SetupLoadedEditorAssemblies (217ms)
			LogAssemblyErrors (0ms)
			InitializePlatformSupportModulesInManaged (11ms)
			SetLoadedEditorAssemblies (9ms)
			RefreshPlugins (0ms)
			BeforeProcessingInitializeOnLoad (3ms)
			ProcessInitializeOnLoadAttributes (141ms)
			ProcessInitializeOnLoadMethodAttributes (53ms)
			AfterProcessingInitializeOnLoad (0ms)
			EditorAssembliesLoaded (0ms)
		ExecutionOrderSort2 (0ms)
		AwakeInstancesAfterBackupRestoration (0ms)
========================================================================
Worker process is ready to serve import requests
Begin MonoManager ReloadAssembly
Symbol file LoadedFromMemory doesn't match image C:\Unity Projects\unitystudy_vamsurLike\vamsurLike\Library\PackageCache\com.unity.visualscripting@1.8.0\Editor\VisualScripting.Core\Dependencies\YamlDotNet\Unity.VisualScripting.YamlDotNet.dll
Symbol file LoadedFromMemory doesn't match image C:\Unity Projects\unitystudy_vamsurLike\vamsurLike\Library\PackageCache\com.unity.visualscripting@1.8.0\Editor\VisualScripting.Core\Dependencies\DotNetZip\Unity.VisualScripting.IonicZip.dll
- Loaded All Assemblies, in  0.665 seconds
Refreshing native plugins compatible for Editor in 4.20 ms, found 3 plugins.
Native extension for WindowsStandalone target not found
Mono: successfully reloaded assembly
- Finished resetting the current domain, in  0.428 seconds
Domain Reload Profiling: 1089ms
	BeginReloadAssembly (121ms)
		ExecutionOrderSort (0ms)
		DisableScriptedObjects (5ms)
		BackupInstance (0ms)
		ReleaseScriptingObjects (0ms)
		CreateAndSetChildDomain (19ms)
	RebuildCommonClasses (32ms)
	RebuildNativeTypeToScriptingClass (10ms)
	initialDomainReloadingComplete (43ms)
	LoadAllAssembliesAndSetupDomain (454ms)
		LoadAssemblies (249ms)
		RebuildTransferFunctionScriptingTraits (0ms)
		AnalyzeDomain (251ms)
			TypeCache.Refresh (236ms)
				TypeCache.ScanAssembly (226ms)
			ScanForSourceGeneratedMonoScriptInfo (12ms)
			ResolveRequiredComponents (3ms)
	FinalizeReload (428ms)
		ReleaseScriptCaches (0ms)
		RebuildScriptCaches (0ms)
		SetupLoadedEditorAssemblies (304ms)
			LogAssemblyErrors (0ms)
			InitializePlatformSupportModulesInManaged (6ms)
			SetLoadedEditorAssemblies (4ms)
			RefreshPlugins (0ms)
			BeforeProcessingInitializeOnLoad (60ms)
			ProcessInitializeOnLoadAttributes (207ms)
			ProcessInitializeOnLoadMethodAttributes (17ms)
			AfterProcessingInitializeOnLoad (11ms)
			EditorAssembliesLoaded (0ms)
		ExecutionOrderSort2 (0ms)
		AwakeInstancesAfterBackupRestoration (5ms)
Launched and connected shader compiler UnityShaderCompiler.exe after 0.05 seconds
Refreshing native plugins compatible for Editor in 4.73 ms, found 3 plugins.
Preloading 0 native plugins for Editor in 0.00 ms.
Unloading 3065 Unused Serialized files (Serialized files now loaded: 0)
Unloading 31 unused Assets / (56.2 KB). Loaded Objects now: 3529.
Memory consumption went from 120.1 MB to 120.0 MB.
Total: 2.661800 ms (FindLiveObjects: 0.283200 ms CreateObjectMapping: 0.074100 ms MarkObjects: 2.212200 ms  DeleteObjects: 0.091500 ms)

AssetImportParameters requested are different than current active one (requested -> active):
  custom:container-demuxer-ogg: 62fdf1f143b41e24485cea50d1cbac27 -> 
  custom:video-decoder-ogg-theora: a1e56fd34408186e4bbccfd4996cb3dc -> 
  custom:framework-win-MediaFoundation: 216162199b28c13a410421893ffa2e32 -> 
  custom:container-demuxer-webm: 4f35f7cbe854078d1ac9338744f61a02 -> 
  custom:container-muxer-webm: aa71ff27fc2769a1b78a27578f13a17b -> 
  custom:video-decoder-webm-vp8: 9c59270c3fd7afecdb556c50c9e8de78 -> 
  custom:AudioImporter_EditorPlatform: d09bf68614088b80899f8185d706f6e7 -> 
  custom:video-encoder-webm-vp8: eb34c28f22e8b96e1ab97ce403110664 -> 
  custom:audio-decoder-ogg-vorbis: bf7c407c2cedff20999df2af8eb42d56 -> 
  custom:audio-encoder-webm-vorbis: bf7c407c2cedff20999df2af8eb42d56 -> 
========================================================================
Received Import Request.
  Time since last request: 7136.034986 seconds.
  path: Assets
  artifactKey: Guid(00000000000000001000000000000000) Importer(815301076,1909f56bfc062723c751e8b465ee728b)
Start importing Assets using Guid(00000000000000001000000000000000) Importer(815301076,1909f56bfc062723c751e8b465ee728b)  -> (artifact id: '8a4fe85251aa2e89732c359432baa2c3') in 0.002295 seconds
Number of updated asset objects reloaded before import = 0
Number of asset objects unloaded after import = 0
========================================================================
Received Import Request.
  Time since last request: 9.551880 seconds.
  path: Assets/Materials
  artifactKey: Guid(8680260c62dbf1044a7ba21546f7eb21) Importer(815301076,1909f56bfc062723c751e8b465ee728b)
Start importing Assets/Materials using Guid(8680260c62dbf1044a7ba21546f7eb21) Importer(815301076,1909f56bfc062723c751e8b465ee728b)  -> (artifact id: 'ad298ddaf4376f8875f7271b2ac884bc') in 0.000518 seconds
Number of updated asset objects reloaded before import = 0
Number of asset objects unloaded after import = 0
========================================================================
Received Import Request.
  Time since last request: 4.884449 seconds.
  path: Assets/Textures
  artifactKey: Guid(4a355a69a78607e4aa12219c1f65c569) Importer(815301076,1909f56bfc062723c751e8b465ee728b)
Start importing Assets/Textures using Guid(4a355a69a78607e4aa12219c1f65c569) Importer(815301076,1909f56bfc062723c751e8b465ee728b)  -> (artifact id: '077a56039cac62cfbffb9da8b91d71fb') in 0.000491 seconds
Number of updated asset objects reloaded before import = 0
Number of asset objects unloaded after import = 0
========================================================================
Received Import Request.
  Time since last request: 74.159879 seconds.
  path: Assets/Materials/Alternate_Dirt.mat
  artifactKey: Guid(7c7e5c1072bdb4a1fbde675e686cd480) Importer(815301076,1909f56bfc062723c751e8b465ee728b)
Start importing Assets/Materials/Alternate_Dirt.mat using Guid(7c7e5c1072bdb4a1fbde675e686cd480) Importer(815301076,1909f56bfc062723c751e8b465ee728b)  -> (artifact id: '7a20fd96f56fb07a431fc03054ce4452') in 0.120700 seconds
Number of updated asset objects reloaded before import = 0
Number of asset objects unloaded after import = 1
========================================================================
Received Import Request.
  Time since last request: 0.000015 seconds.
  path: Assets/Materials/woodDark.mat
  artifactKey: Guid(278da1abbff7f8a43be831b7d1b6db0a) Importer(815301076,1909f56bfc062723c751e8b465ee728b)
Start importing Assets/Materials/woodDark.mat using Guid(278da1abbff7f8a43be831b7d1b6db0a) Importer(815301076,1909f56bfc062723c751e8b465ee728b)  -> (artifact id: 'e10167146fdf5e4a6fcc808c2bdfe49e') in 0.015330 seconds
Number of updated asset objects reloaded before import = 0
Number of asset objects unloaded after import = 1
========================================================================
Received Import Request.
  Time since last request: 0.000019 seconds.
  path: Assets/Models/Level Art/Materials/metal.mat
  artifactKey: Guid(e6c4f89b7894adf469ba7590608f46f2) Importer(815301076,1909f56bfc062723c751e8b465ee728b)
Start importing Assets/Models/Level Art/Materials/metal.mat using Guid(e6c4f89b7894adf469ba7590608f46f2) Importer(815301076,1909f56bfc062723c751e8b465ee728b)  -> (artifact id: 'a2438bc36598c52f4f15828899ea1885') in 0.015945 seconds
Number of updated asset objects reloaded before import = 0
Number of asset objects unloaded after import = 1
========================================================================
Received Import Request.
  Time since last request: 0.000026 seconds.
  path: Assets/Materials/EmbersParticle.mat
  artifactKey: Guid(776677ab3818fb249adaca05f4e04545) Importer(815301076,1909f56bfc062723c751e8b465ee728b)
Start importing Assets/Materials/EmbersParticle.mat using Guid(776677ab3818fb249adaca05f4e04545) Importer(815301076,1909f56bfc062723c751e8b465ee728b)  -> (artifact id: 'c0554159909870e3eb334a8baaafaafc') in 0.048002 seconds
Number of updated asset objects reloaded before import = 0
Number of asset objects unloaded after import = 1
========================================================================
Received Import Request.
  Time since last request: 0.000024 seconds.
  path: Assets/Materials/Gray.mat
  artifactKey: Guid(856d93b28b7aa416faf25b8b642232a9) Importer(815301076,1909f56bfc062723c751e8b465ee728b)
Start importing Assets/Materials/Gray.mat using Guid(856d93b28b7aa416faf25b8b642232a9) Importer(815301076,1909f56bfc062723c751e8b465ee728b)  -> (artifact id: '41e6a0cd53d6e23854fe4bc667673cbf') in 0.115644 seconds
Number of updated asset objects reloaded before import = 0
Number of asset objects unloaded after import = 1
========================================================================
Received Import Request.
  Time since last request: 0.000017 seconds.
  path: Assets/Materials/stone.mat
  artifactKey: Guid(0e1d04ffdfec3a34a9d7884aed510d1c) Importer(815301076,1909f56bfc062723c751e8b465ee728b)
Start importing Assets/Materials/stone.mat using Guid(0e1d04ffdfec3a34a9d7884aed510d1c) Importer(815301076,1909f56bfc062723c751e8b465ee728b)  -> (artifact id: '07547fc529c29395368f466a13d4380c') in 0.014382 seconds
Number of updated asset objects reloaded before import = 0
Number of asset objects unloaded after import = 1
========================================================================
Received Import Request.
  Time since last request: 0.000019 seconds.
  path: Assets/Materials/wood.mat
  artifactKey: Guid(e3c8546e4b2e3154eb02b0e326c3428d) Importer(815301076,1909f56bfc062723c751e8b465ee728b)
Start importing Assets/Materials/wood.mat using Guid(e3c8546e4b2e3154eb02b0e326c3428d) Importer(815301076,1909f56bfc062723c751e8b465ee728b)  -> (artifact id: '903b06ff1c903f011ea30e74cb3d3739') in 0.015379 seconds
Number of updated asset objects reloaded before import = 0
Number of asset objects unloaded after import = 1
========================================================================
Received Import Request.
  Time since last request: 0.000015 seconds.
  path: Assets/Materials/Gold.mat
  artifactKey: Guid(0b1a09e88ee404aeb9a7fe9516ee7a19) Importer(815301076,1909f56bfc062723c751e8b465ee728b)
Start importing Assets/Materials/Gold.mat using Guid(0b1a09e88ee404aeb9a7fe9516ee7a19) Importer(815301076,1909f56bfc062723c751e8b465ee728b)  -> (artifact id: '7ae143d1158778905c65eb0f087abc8a') in 0.016306 seconds
Number of updated asset objects reloaded before import = 0
Number of asset objects unloaded after import = 1
========================================================================
Received Import Request.
  Time since last request: 0.000025 seconds.
  path: Assets/Models/Level Art/Materials/Grass.mat
  artifactKey: Guid(fca908cbd48d66a4c9ba606e390be489) Importer(815301076,1909f56bfc062723c751e8b465ee728b)
Start importing Assets/Models/Level Art/Materials/Grass.mat using Guid(fca908cbd48d66a4c9ba606e390be489) Importer(815301076,1909f56bfc062723c751e8b465ee728b)  -> (artifact id: '450d19e39caaad4a41efe01001388d8d') in 0.015927 seconds
Number of updated asset objects reloaded before import = 0
Number of asset objects unloaded after import = 1
========================================================================
Received Import Request.
  Time since last request: 0.000055 seconds.
  path: Assets/Models/Level Art/Materials/woodDark.mat
  artifactKey: Guid(d22fea550dfc332478e26e6b49d65c8e) Importer(815301076,1909f56bfc062723c751e8b465ee728b)
Start importing Assets/Models/Level Art/Materials/woodDark.mat using Guid(d22fea550dfc332478e26e6b49d65c8e) Importer(815301076,1909f56bfc062723c751e8b465ee728b)  -> (artifact id: '9ed0c66986341cec2bb2ea5ec783c153') in 0.013451 seconds
Number of updated asset objects reloaded before import = 0
Number of asset objects unloaded after import = 1
========================================================================
Received Import Request.
  Time since last request: 0.000025 seconds.
  path: Assets/Models/Level Art/Materials/Water.mat
  artifactKey: Guid(a276325f80e0a9a439d52e043d9cd14f) Importer(815301076,1909f56bfc062723c751e8b465ee728b)
Start importing Assets/Models/Level Art/Materials/Water.mat using Guid(a276325f80e0a9a439d52e043d9cd14f) Importer(815301076,1909f56bfc062723c751e8b465ee728b)  -> (artifact id: 'c315124c83dfcfa94224da42dbfbd70b') in 0.019641 seconds
Number of updated asset objects reloaded before import = 0
Number of asset objects unloaded after import = 1
========================================================================
Received Import Request.
  Time since last request: 0.000015 seconds.
  path: Assets/Models/Materials/No Name.mat
  artifactKey: Guid(94ca3157362ac43b687a2a726788ac81) Importer(815301076,1909f56bfc062723c751e8b465ee728b)
Start importing Assets/Models/Materials/No Name.mat using Guid(94ca3157362ac43b687a2a726788ac81) Importer(815301076,1909f56bfc062723c751e8b465ee728b)  -> (artifact id: '529c38bbd3bf30e14b256f84ac237884') in 0.019108 seconds
Number of updated asset objects reloaded before import = 0
Number of asset objects unloaded after import = 1
========================================================================
Received Import Request.
  Time since last request: 0.000051 seconds.
  path: Assets/Materials/BloodSplatParticle.mat
  artifactKey: Guid(3ea2e59d181ffce4e97d5d1d07a22c05) Importer(815301076,1909f56bfc062723c751e8b465ee728b)
Start importing Assets/Materials/BloodSplatParticle.mat using Guid(3ea2e59d181ffce4e97d5d1d07a22c05) Importer(815301076,1909f56bfc062723c751e8b465ee728b)  -> (artifact id: 'dadceefd7d36b4928d2fea6cb46c3a34') in 0.265156 seconds
Number of updated asset objects reloaded before import = 0
Number of asset objects unloaded after import = 3
========================================================================
Received Import Request.
  Time since last request: 0.000018 seconds.
  path: Assets/Materials/metal.mat
  artifactKey: Guid(5bf0f2c3a9c57564ebe2dc5101981635) Importer(815301076,1909f56bfc062723c751e8b465ee728b)
Start importing Assets/Materials/metal.mat using Guid(5bf0f2c3a9c57564ebe2dc5101981635) Importer(815301076,1909f56bfc062723c751e8b465ee728b)  -> (artifact id: 'be29a33a274bc9e392bd06258fd0fc5f') in 0.016856 seconds
Number of updated asset objects reloaded before import = 0
Number of asset objects unloaded after import = 1
========================================================================
Received Import Request.
  Time since last request: 0.000033 seconds.
  path: Assets/Materials/DustPuffParticle.mat
  artifactKey: Guid(1402721190994cd46b64bf7cba78f5d8) Importer(815301076,1909f56bfc062723c751e8b465ee728b)
Start importing Assets/Materials/DustPuffParticle.mat using Guid(1402721190994cd46b64bf7cba78f5d8) Importer(815301076,1909f56bfc062723c751e8b465ee728b)  -> (artifact id: '6011b5add35f12cb0c488060313d02c2') in 0.044247 seconds
Number of updated asset objects reloaded before import = 0
Number of asset objects unloaded after import = 2
========================================================================
Received Import Request.
  Time since last request: 0.000015 seconds.
  path: Assets/Materials/Bullet.mat
  artifactKey: Guid(7f0b92762bf199742a7cae5393833a91) Importer(815301076,1909f56bfc062723c751e8b465ee728b)
Start importing Assets/Materials/Bullet.mat using Guid(7f0b92762bf199742a7cae5393833a91) Importer(815301076,1909f56bfc062723c751e8b465ee728b)  -> (artifact id: '6afa9f183075a98d5ddc2c5460ad6537') in 0.015685 seconds
Number of updated asset objects reloaded before import = 0
Number of asset objects unloaded after import = 1
========================================================================
Received Import Request.
  Time since last request: 0.000015 seconds.
  path: Assets/Materials/light.mat
  artifactKey: Guid(d592020e41783fb4dae212ae76fedca2) Importer(815301076,1909f56bfc062723c751e8b465ee728b)
Start importing Assets/Materials/light.mat using Guid(d592020e41783fb4dae212ae76fedca2) Importer(815301076,1909f56bfc062723c751e8b465ee728b)  -> (artifact id: 'f306d0aea4563961445b6ef89b2b73c4') in 0.017427 seconds
Number of updated asset objects reloaded before import = 0
Number of asset objects unloaded after import = 1
========================================================================
Received Import Request.
  Time since last request: 0.000017 seconds.
  path: Assets/Models/Level Art/Materials/stone.mat
  artifactKey: Guid(11763b825b43a784c98b74704d7ac194) Importer(815301076,1909f56bfc062723c751e8b465ee728b)
Start importing Assets/Models/Level Art/Materials/stone.mat using Guid(11763b825b43a784c98b74704d7ac194) Importer(815301076,1909f56bfc062723c751e8b465ee728b)  -> (artifact id: 'ea062670f6f2a7b6b759cc9093c6b9ee') in 0.015330 seconds
Number of updated asset objects reloaded before import = 0
Number of asset objects unloaded after import = 1
========================================================================
Received Import Request.
  Time since last request: 0.000023 seconds.
  path: Assets/Materials/FlameRoundYellowParticle.mat
  artifactKey: Guid(d7f098ed9997e714193be5e86df013f4) Importer(815301076,1909f56bfc062723c751e8b465ee728b)
Start importing Assets/Materials/FlameRoundYellowParticle.mat using Guid(d7f098ed9997e714193be5e86df013f4) Importer(815301076,1909f56bfc062723c751e8b465ee728b)  -> (artifact id: '7aa7825e7d0cc8085eb02e4bec0d5b67') in 0.103331 seconds
Number of updated asset objects reloaded before import = 0
Number of asset objects unloaded after import = 2
========================================================================
Received Import Request.
  Time since last request: 0.000017 seconds.
  path: Assets/Models/Level Art/Materials/wax.mat
  artifactKey: Guid(8fe99392720cdd54ea5c9182dba82aaf) Importer(815301076,1909f56bfc062723c751e8b465ee728b)
Start importing Assets/Models/Level Art/Materials/wax.mat using Guid(8fe99392720cdd54ea5c9182dba82aaf) Importer(815301076,1909f56bfc062723c751e8b465ee728b)  -> (artifact id: '9074f9ec923a80028e35a564c821105b') in 0.017190 seconds
Number of updated asset objects reloaded before import = 0
Number of asset objects unloaded after import = 1
========================================================================
Received Import Request.
  Time since last request: 0.000017 seconds.
  path: Assets/Models/Level Art/Materials/wood.mat
  artifactKey: Guid(898c4bc21013ff149acc63a842b78534) Importer(815301076,1909f56bfc062723c751e8b465ee728b)
Start importing Assets/Models/Level Art/Materials/wood.mat using Guid(898c4bc21013ff149acc63a842b78534) Importer(815301076,1909f56bfc062723c751e8b465ee728b)  -> (artifact id: 'dac61a77a965dc2ce110a1878134fd12') in 0.018448 seconds
Number of updated asset objects reloaded before import = 0
Number of asset objects unloaded after import = 1
========================================================================
Received Import Request.
  Time since last request: 0.000023 seconds.
  path: Assets/Materials/Water.mat
  artifactKey: Guid(6617b103cabcb4150adc8dfa6d5a574d) Importer(815301076,1909f56bfc062723c751e8b465ee728b)
Start importing Assets/Materials/Water.mat using Guid(6617b103cabcb4150adc8dfa6d5a574d) Importer(815301076,1909f56bfc062723c751e8b465ee728b)  -> (artifact id: '225aa12247af9096b34e1c5b60d01edc') in 0.017939 seconds
Number of updated asset objects reloaded before import = 0
Number of asset objects unloaded after import = 1
========================================================================
Received Import Request.
  Time since last request: 0.000028 seconds.
  path: Assets/Materials/wax.mat
  artifactKey: Guid(8b1a561994917ba46b505b78469f463d) Importer(815301076,1909f56bfc062723c751e8b465ee728b)
Start importing Assets/Materials/wax.mat using Guid(8b1a561994917ba46b505b78469f463d) Importer(815301076,1909f56bfc062723c751e8b465ee728b)  -> (artifact id: '75357ced8a1cfb11bb77596875e0747b') in 0.015682 seconds
Number of updated asset objects reloaded before import = 0
Number of asset objects unloaded after import = 1
========================================================================
Received Import Request.
  Time since last request: 0.000020 seconds.
  path: Assets/Models/Level Art/Materials/light.mat
  artifactKey: Guid(2f541447fc5790c468bec55fae66914e) Importer(815301076,1909f56bfc062723c751e8b465ee728b)
Start importing Assets/Models/Level Art/Materials/light.mat using Guid(2f541447fc5790c468bec55fae66914e) Importer(815301076,1909f56bfc062723c751e8b465ee728b)  -> (artifact id: 'aa25ec22559c4090379532ed85ff3755') in 0.017437 seconds
Number of updated asset objects reloaded before import = 0
Number of asset objects unloaded after import = 1
========================================================================
Received Import Request.
  Time since last request: 0.000018 seconds.
  path: Assets/Materials/Redwood.mat
  artifactKey: Guid(7c248f62c0b874ecbb44f1085d19986e) Importer(815301076,1909f56bfc062723c751e8b465ee728b)
Start importing Assets/Materials/Redwood.mat using Guid(7c248f62c0b874ecbb44f1085d19986e) Importer(815301076,1909f56bfc062723c751e8b465ee728b)  -> (artifact id: '47683f002ca3f579aa4f7bbec93e4b28') in 0.016703 seconds
Number of updated asset objects reloaded before import = 0
Number of asset objects unloaded after import = 1
========================================================================
Received Import Request.
  Time since last request: 0.000024 seconds.
  path: Assets/Materials/Woman.mat
  artifactKey: Guid(48b71ac7d7036422481d417489b38001) Importer(815301076,1909f56bfc062723c751e8b465ee728b)
Start importing Assets/Materials/Woman.mat using Guid(48b71ac7d7036422481d417489b38001) Importer(815301076,1909f56bfc062723c751e8b465ee728b)  -> (artifact id: '228d2bbd910d86b4b32f1133c6dea73b') in 0.018706 seconds
Number of updated asset objects reloaded before import = 0
Number of asset objects unloaded after import = 2
Editor requested this worker to shutdown with reason: Scaling down because of idle timeout
TcpMessagingSession - receive error: operation aborted. errorcode: 995, details: 스레드 종료 또는 응용 프로그램 요청 때문에 I/O 작업이 취소되었습니다.
AssetImportWorker is now disconnected from the server
Process exiting
Exiting without the bug reporter. Application will terminate with return code 0